<?xml version="1.0" encoding="UTF-8"?>
<!-- Generated by org.testng.reporters.JUnitXMLReporter -->
<testsuite hostname="parag_dhoble" ignored="0" name="Command line test" tests="2" failures="0" timestamp="2020-04-15T18:30:32 IST" time="38.002" errors="0">
  <testcase name="validateTittleHomePage" time="0.008" classname="com.paragdhoble.github.testcases.HomePageTest"/>
  <testcase name="loginValidation" time="0.655" classname="com.paragdhoble.github.testcases.LoginPageTest"/>
</testsuite> <!-- Command line test -->
